2024-05-04 10:13:36,852 DEBUG org.hibernate.type.BasicTypeRegistry [task-1] Adding type registration boolean -> org.hibernate.type.BooleanType@14cf063d
2024-05-04 10:13:36,855 DEBUG org.hibernate.type.BasicTypeRegistry [task-1] Adding type registration boolean -> org.hibernate.type.BooleanType@14cf063d
2024-05-04 10:13:36,855 DEBUG org.hibernate.type.BasicTypeRegistry [task-1] Adding type registration java.lang.Boolean -> org.hibernate.type.BooleanType@14cf063d
2024-05-04 10:13:36,855 DEBUG org.hibernate.type.BasicTypeRegistry [task-1] Adding type registration numeric_boolean -> org.hibernate.type.NumericBooleanType@3884c7fd
2024-05-04 10:13:36,856 DEBUG org.hibernate.type.BasicTypeRegistry [task-1] Adding type registration true_false -> org.hibernate.type.TrueFalseType@50db522d
2024-05-04 10:13:36,857 DEBUG org.hibernate.type.BasicTypeRegistry [task-1] Adding type registration yes_no -> org.hibernate.type.YesNoType@5fd8703d
2024-05-04 10:13:36,858 DEBUG org.hibernate.type.BasicTypeRegistry [task-1] Adding type registration byte -> org.hibernate.type.ByteType@5ec30007
2024-05-04 10:13:36,858 DEBUG org.hibernate.type.BasicTypeRegistry [task-1] Adding type registration byte -> org.hibernate.type.ByteType@5ec30007
2024-05-04 10:13:36,858 DEBUG org.hibernate.type.BasicTypeRegistry [task-1] Adding type registration java.lang.Byte -> org.hibernate.type.ByteType@5ec30007
2024-05-04 10:13:36,860 DEBUG org.hibernate.type.BasicTypeRegistry [task-1] Adding type registration character -> org.hibernate.type.CharacterType@d819f5c
2024-05-04 10:13:36,860 DEBUG org.hibernate.type.BasicTypeRegistry [task-1] Adding type registration char -> org.hibernate.type.CharacterType@d819f5c
2024-05-04 10:13:36,860 DEBUG org.hibernate.type.BasicTypeRegistry [task-1] Adding type registration java.lang.Character -> org.hibernate.type.CharacterType@d819f5c
2024-05-04 10:13:36,861 DEBUG org.hibernate.type.BasicTypeRegistry [task-1] Adding type registration short -> org.hibernate.type.ShortType@4342f4a6
2024-05-04 10:13:36,861 DEBUG org.hibernate.type.BasicTypeRegistry [task-1] Adding type registration short -> org.hibernate.type.ShortType@4342f4a6
2024-05-04 10:13:36,861 DEBUG org.hibernate.type.BasicTypeRegistry [task-1] Adding type registration java.lang.Short -> org.hibernate.type.ShortType@4342f4a6
2024-05-04 10:13:36,862 DEBUG org.hibernate.type.BasicTypeRegistry [task-1] Adding type registration integer -> org.hibernate.type.IntegerType@7d41bf8b
2024-05-04 10:13:36,863 DEBUG org.hibernate.type.BasicTypeRegistry [task-1] Adding type registration int -> org.hibernate.type.IntegerType@7d41bf8b
2024-05-04 10:13:36,863 DEBUG org.hibernate.type.BasicTypeRegistry [task-1] Adding type registration java.lang.Integer -> org.hibernate.type.IntegerType@7d41bf8b
2024-05-04 10:13:36,864 DEBUG org.hibernate.type.BasicTypeRegistry [task-1] Adding type registration long -> org.hibernate.type.LongType@174f6e25
2024-05-04 10:13:36,864 DEBUG org.hibernate.type.BasicTypeRegistry [task-1] Adding type registration long -> org.hibernate.type.LongType@174f6e25
2024-05-04 10:13:36,864 DEBUG org.hibernate.type.BasicTypeRegistry [task-1] Adding type registration java.lang.Long -> org.hibernate.type.LongType@174f6e25
2024-05-04 10:13:36,865 DEBUG org.hibernate.type.BasicTypeRegistry [task-1] Adding type registration float -> org.hibernate.type.FloatType@551419d1
2024-05-04 10:13:36,865 DEBUG org.hibernate.type.BasicTypeRegistry [task-1] Adding type registration float -> org.hibernate.type.FloatType@551419d1
2024-05-04 10:13:36,865 DEBUG org.hibernate.type.BasicTypeRegistry [task-1] Adding type registration java.lang.Float -> org.hibernate.type.FloatType@551419d1
2024-05-04 10:13:36,866 DEBUG org.hibernate.type.BasicTypeRegistry [task-1] Adding type registration double -> org.hibernate.type.DoubleType@600c3615
2024-05-04 10:13:36,866 DEBUG org.hibernate.type.BasicTypeRegistry [task-1] Adding type registration double -> org.hibernate.type.DoubleType@600c3615
2024-05-04 10:13:36,867 DEBUG org.hibernate.type.BasicTypeRegistry [task-1] Adding type registration java.lang.Double -> org.hibernate.type.DoubleType@600c3615
2024-05-04 10:13:36,868 DEBUG org.hibernate.type.BasicTypeRegistry [task-1] Adding type registration big_decimal -> org.hibernate.type.BigDecimalType@5989917e
2024-05-04 10:13:36,868 DEBUG org.hibernate.type.BasicTypeRegistry [task-1] Adding type registration java.math.BigDecimal -> org.hibernate.type.BigDecimalType@5989917e
2024-05-04 10:13:36,869 DEBUG org.hibernate.type.BasicTypeRegistry [task-1] Adding type registration big_integer -> org.hibernate.type.BigIntegerType@26cb6fa0
2024-05-04 10:13:36,869 DEBUG org.hibernate.type.BasicTypeRegistry [task-1] Adding type registration java.math.BigInteger -> org.hibernate.type.BigIntegerType@26cb6fa0
2024-05-04 10:13:36,869 DEBUG org.hibernate.type.BasicTypeRegistry [task-1] Adding type registration string -> org.hibernate.type.StringType@4fd2c2df
2024-05-04 10:13:36,869 DEBUG org.hibernate.type.BasicTypeRegistry [task-1] Adding type registration java.lang.String -> org.hibernate.type.StringType@4fd2c2df
2024-05-04 10:13:36,870 DEBUG org.hibernate.type.BasicTypeRegistry [task-1] Adding type registration nstring -> org.hibernate.type.StringNVarcharType@48ff909e
2024-05-04 10:13:36,870 DEBUG org.hibernate.type.BasicTypeRegistry [task-1] Adding type registration ncharacter -> org.hibernate.type.CharacterNCharType@70aa6f34
2024-05-04 10:13:36,871 DEBUG org.hibernate.type.BasicTypeRegistry [task-1] Adding type registration url -> org.hibernate.type.UrlType@9abdeb6
2024-05-04 10:13:36,871 DEBUG org.hibernate.type.BasicTypeRegistry [task-1] Adding type registration java.net.URL -> org.hibernate.type.UrlType@9abdeb6
2024-05-04 10:13:36,872 DEBUG org.hibernate.type.BasicTypeRegistry [task-1] Adding type registration Duration -> org.hibernate.type.DurationType@6faf7070
2024-05-04 10:13:36,872 DEBUG org.hibernate.type.BasicTypeRegistry [task-1] Adding type registration java.time.Duration -> org.hibernate.type.DurationType@6faf7070
2024-05-04 10:13:36,873 DEBUG org.hibernate.type.BasicTypeRegistry [task-1] Adding type registration Instant -> org.hibernate.type.InstantType@20716f73
2024-05-04 10:13:36,873 DEBUG org.hibernate.type.BasicTypeRegistry [task-1] Adding type registration java.time.Instant -> org.hibernate.type.InstantType@20716f73
2024-05-04 10:13:36,875 DEBUG org.hibernate.type.BasicTypeRegistry [task-1] Adding type registration LocalDateTime -> org.hibernate.type.LocalDateTimeType@5c15d818
2024-05-04 10:13:36,875 DEBUG org.hibernate.type.BasicTypeRegistry [task-1] Adding type registration java.time.LocalDateTime -> org.hibernate.type.LocalDateTimeType@5c15d818
2024-05-04 10:13:36,876 DEBUG org.hibernate.type.BasicTypeRegistry [task-1] Adding type registration LocalDate -> org.hibernate.type.LocalDateType@55b1b67d
2024-05-04 10:13:36,876 DEBUG org.hibernate.type.BasicTypeRegistry [task-1] Adding type registration java.time.LocalDate -> org.hibernate.type.LocalDateType@55b1b67d
2024-05-04 10:13:36,877 DEBUG org.hibernate.type.BasicTypeRegistry [task-1] Adding type registration LocalTime -> org.hibernate.type.LocalTimeType@cc5a73c
2024-05-04 10:13:36,877 DEBUG org.hibernate.type.BasicTypeRegistry [task-1] Adding type registration java.time.LocalTime -> org.hibernate.type.LocalTimeType@cc5a73c
2024-05-04 10:13:36,879 DEBUG org.hibernate.type.BasicTypeRegistry [task-1] Adding type registration OffsetDateTime -> org.hibernate.type.OffsetDateTimeType@56496dba
2024-05-04 10:13:36,879 DEBUG org.hibernate.type.BasicTypeRegistry [task-1] Adding type registration java.time.OffsetDateTime -> org.hibernate.type.OffsetDateTimeType@56496dba
2024-05-04 10:13:36,880 DEBUG org.hibernate.type.BasicTypeRegistry [task-1] Adding type registration OffsetTime -> org.hibernate.type.OffsetTimeType@6906f20b
2024-05-04 10:13:36,880 DEBUG org.hibernate.type.BasicTypeRegistry [task-1] Adding type registration java.time.OffsetTime -> org.hibernate.type.OffsetTimeType@6906f20b
2024-05-04 10:13:36,881 DEBUG org.hibernate.type.BasicTypeRegistry [task-1] Adding type registration ZonedDateTime -> org.hibernate.type.ZonedDateTimeType@6f30c930
2024-05-04 10:13:36,881 DEBUG org.hibernate.type.BasicTypeRegistry [task-1] Adding type registration java.time.ZonedDateTime -> org.hibernate.type.ZonedDateTimeType@6f30c930
2024-05-04 10:13:36,883 DEBUG org.hibernate.type.BasicTypeRegistry [task-1] Adding type registration date -> org.hibernate.type.DateType@5e710fd0
2024-05-04 10:13:36,883 DEBUG org.hibernate.type.BasicTypeRegistry [task-1] Adding type registration java.sql.Date -> org.hibernate.type.DateType@5e710fd0
2024-05-04 10:13:36,884 DEBUG org.hibernate.type.BasicTypeRegistry [task-1] Adding type registration time -> org.hibernate.type.TimeType@18e0fcaa
2024-05-04 10:13:36,885 DEBUG org.hibernate.type.BasicTypeRegistry [task-1] Adding type registration java.sql.Time -> org.hibernate.type.TimeType@18e0fcaa
2024-05-04 10:13:36,886 DEBUG org.hibernate.type.BasicTypeRegistry [task-1] Adding type registration timestamp -> org.hibernate.type.TimestampType@3c90ca27
2024-05-04 10:13:36,886 DEBUG org.hibernate.type.BasicTypeRegistry [task-1] Adding type registration java.sql.Timestamp -> org.hibernate.type.TimestampType@3c90ca27
2024-05-04 10:13:36,886 DEBUG org.hibernate.type.BasicTypeRegistry [task-1] Adding type registration java.util.Date -> org.hibernate.type.TimestampType@3c90ca27
2024-05-04 10:13:36,888 DEBUG org.hibernate.type.BasicTypeRegistry [task-1] Adding type registration dbtimestamp -> org.hibernate.type.DbTimestampType@78d3f3e3
2024-05-04 10:13:36,889 DEBUG org.hibernate.type.BasicTypeRegistry [task-1] Adding type registration calendar -> org.hibernate.type.CalendarType@82880d9
2024-05-04 10:13:36,889 DEBUG org.hibernate.type.BasicTypeRegistry [task-1] Adding type registration java.util.Calendar -> org.hibernate.type.CalendarType@82880d9
2024-05-04 10:13:36,889 DEBUG org.hibernate.type.BasicTypeRegistry [task-1] Adding type registration java.util.GregorianCalendar -> org.hibernate.type.CalendarType@82880d9
2024-05-04 10:13:36,890 DEBUG org.hibernate.type.BasicTypeRegistry [task-1] Adding type registration calendar_date -> org.hibernate.type.CalendarDateType@7eb700f3
2024-05-04 10:13:36,891 DEBUG org.hibernate.type.BasicTypeRegistry [task-1] Adding type registration calendar_time -> org.hibernate.type.CalendarTimeType@49b6b5c
2024-05-04 10:13:36,892 DEBUG org.hibernate.type.BasicTypeRegistry [task-1] Adding type registration locale -> org.hibernate.type.LocaleType@498a34a1
2024-05-04 10:13:36,892 DEBUG org.hibernate.type.BasicTypeRegistry [task-1] Adding type registration java.util.Locale -> org.hibernate.type.LocaleType@498a34a1
2024-05-04 10:13:36,894 DEBUG org.hibernate.type.BasicTypeRegistry [task-1] Adding type registration currency -> org.hibernate.type.CurrencyType@1be3c5ad
2024-05-04 10:13:36,894 DEBUG org.hibernate.type.BasicTypeRegistry [task-1] Adding type registration java.util.Currency -> org.hibernate.type.CurrencyType@1be3c5ad
2024-05-04 10:13:36,895 DEBUG org.hibernate.type.BasicTypeRegistry [task-1] Adding type registration timezone -> org.hibernate.type.TimeZoneType@7488f2c9
2024-05-04 10:13:36,895 DEBUG org.hibernate.type.BasicTypeRegistry [task-1] Adding type registration java.util.TimeZone -> org.hibernate.type.TimeZoneType@7488f2c9
2024-05-04 10:13:36,896 DEBUG org.hibernate.type.BasicTypeRegistry [task-1] Adding type registration class -> org.hibernate.type.ClassType@4e1e9885
2024-05-04 10:13:36,896 DEBUG org.hibernate.type.BasicTypeRegistry [task-1] Adding type registration java.lang.Class -> org.hibernate.type.ClassType@4e1e9885
2024-05-04 10:13:36,896 DEBUG org.hibernate.type.BasicTypeRegistry [task-1] Adding type registration uuid-binary -> org.hibernate.type.UUIDBinaryType@6519453c
2024-05-04 10:13:36,897 DEBUG org.hibernate.type.BasicTypeRegistry [task-1] Adding type registration java.util.UUID -> org.hibernate.type.UUIDBinaryType@6519453c
2024-05-04 10:13:36,897 DEBUG org.hibernate.type.BasicTypeRegistry [task-1] Adding type registration uuid-char -> org.hibernate.type.UUIDCharType@4a7da009
2024-05-04 10:13:36,898 DEBUG org.hibernate.type.BasicTypeRegistry [task-1] Adding type registration binary -> org.hibernate.type.BinaryType@2b1c40bf
2024-05-04 10:13:36,898 DEBUG org.hibernate.type.BasicTypeRegistry [task-1] Adding type registration byte[] -> org.hibernate.type.BinaryType@2b1c40bf
2024-05-04 10:13:36,898 DEBUG org.hibernate.type.BasicTypeRegistry [task-1] Adding type registration [B -> org.hibernate.type.BinaryType@2b1c40bf
2024-05-04 10:13:36,899 DEBUG org.hibernate.type.BasicTypeRegistry [task-1] Adding type registration wrapper-binary -> org.hibernate.type.WrapperBinaryType@157d7890
2024-05-04 10:13:36,899 DEBUG org.hibernate.type.BasicTypeRegistry [task-1] Adding type registration Byte[] -> org.hibernate.type.WrapperBinaryType@157d7890
2024-05-04 10:13:36,900 DEBUG org.hibernate.type.BasicTypeRegistry [task-1] Adding type registration [Ljava.lang.Byte; -> org.hibernate.type.WrapperBinaryType@157d7890
2024-05-04 10:13:36,901 DEBUG org.hibernate.type.BasicTypeRegistry [task-1] Adding type registration row_version -> org.hibernate.type.RowVersionType@d8c840a
2024-05-04 10:13:36,902 DEBUG org.hibernate.type.BasicTypeRegistry [task-1] Adding type registration image -> org.hibernate.type.ImageType@56969f95
2024-05-04 10:13:36,903 DEBUG org.hibernate.type.BasicTypeRegistry [task-1] Adding type registration characters -> org.hibernate.type.CharArrayType@679ecdca
2024-05-04 10:13:36,903 DEBUG org.hibernate.type.BasicTypeRegistry [task-1] Adding type registration char[] -> org.hibernate.type.CharArrayType@679ecdca
2024-05-04 10:13:36,903 DEBUG org.hibernate.type.BasicTypeRegistry [task-1] Adding type registration [C -> org.hibernate.type.CharArrayType@679ecdca
2024-05-04 10:13:36,904 DEBUG org.hibernate.type.BasicTypeRegistry [task-1] Adding type registration wrapper-characters -> org.hibernate.type.CharacterArrayType@4f655947
2024-05-04 10:13:36,904 DEBUG org.hibernate.type.BasicTypeRegistry [task-1] Adding type registration [Ljava.lang.Character; -> org.hibernate.type.CharacterArrayType@4f655947
2024-05-04 10:13:36,904 DEBUG org.hibernate.type.BasicTypeRegistry [task-1] Adding type registration Character[] -> org.hibernate.type.CharacterArrayType@4f655947
2024-05-04 10:13:36,904 DEBUG org.hibernate.type.BasicTypeRegistry [task-1] Adding type registration text -> org.hibernate.type.TextType@593fae6e
2024-05-04 10:13:36,905 DEBUG org.hibernate.type.BasicTypeRegistry [task-1] Adding type registration ntext -> org.hibernate.type.NTextType@3cd04a21
2024-05-04 10:13:36,906 DEBUG org.hibernate.type.BasicTypeRegistry [task-1] Adding type registration blob -> org.hibernate.type.BlobType@36b0739f
2024-05-04 10:13:36,906 DEBUG org.hibernate.type.BasicTypeRegistry [task-1] Adding type registration java.sql.Blob -> org.hibernate.type.BlobType@36b0739f
2024-05-04 10:13:36,907 DEBUG org.hibernate.type.BasicTypeRegistry [task-1] Adding type registration materialized_blob -> org.hibernate.type.MaterializedBlobType@43a022e9
2024-05-04 10:13:36,908 DEBUG org.hibernate.type.BasicTypeRegistry [task-1] Adding type registration clob -> org.hibernate.type.ClobType@36f4a89d
2024-05-04 10:13:36,908 DEBUG org.hibernate.type.BasicTypeRegistry [task-1] Adding type registration java.sql.Clob -> org.hibernate.type.ClobType@36f4a89d
2024-05-04 10:13:36,910 DEBUG org.hibernate.type.BasicTypeRegistry [task-1] Adding type registration nclob -> org.hibernate.type.NClobType@14455351
2024-05-04 10:13:36,910 DEBUG org.hibernate.type.BasicTypeRegistry [task-1] Adding type registration java.sql.NClob -> org.hibernate.type.NClobType@14455351
2024-05-04 10:13:36,911 DEBUG org.hibernate.type.BasicTypeRegistry [task-1] Adding type registration materialized_clob -> org.hibernate.type.MaterializedClobType@3ae195e
2024-05-04 10:13:36,911 DEBUG org.hibernate.type.BasicTypeRegistry [task-1] Adding type registration materialized_nclob -> org.hibernate.type.MaterializedNClobType@489fd076
2024-05-04 10:13:36,913 DEBUG org.hibernate.type.BasicTypeRegistry [task-1] Adding type registration serializable -> org.hibernate.type.SerializableType@73ffd79b
2024-05-04 10:13:36,916 DEBUG org.hibernate.type.BasicTypeRegistry [task-1] Adding type registration object -> org.hibernate.type.ObjectType@6658b493
2024-05-04 10:13:36,916 DEBUG org.hibernate.type.BasicTypeRegistry [task-1] Adding type registration java.lang.Object -> org.hibernate.type.ObjectType@6658b493
2024-05-04 10:13:36,916 DEBUG org.hibernate.type.BasicTypeRegistry [task-1] Adding type registration imm_date -> org.hibernate.type.AdaptedImmutableType@1646a60f
2024-05-04 10:13:36,916 DEBUG org.hibernate.type.BasicTypeRegistry [task-1] Adding type registration imm_time -> org.hibernate.type.AdaptedImmutableType@35197478
2024-05-04 10:13:36,916 DEBUG org.hibernate.type.BasicTypeRegistry [task-1] Adding type registration imm_timestamp -> org.hibernate.type.AdaptedImmutableType@10101480
2024-05-04 10:13:36,916 DEBUG org.hibernate.type.BasicTypeRegistry [task-1] Adding type registration imm_dbtimestamp -> org.hibernate.type.AdaptedImmutableType@10af58a4
2024-05-04 10:13:36,916 DEBUG org.hibernate.type.BasicTypeRegistry [task-1] Adding type registration imm_calendar -> org.hibernate.type.AdaptedImmutableType@33fae260
2024-05-04 10:13:36,916 DEBUG org.hibernate.type.BasicTypeRegistry [task-1] Adding type registration imm_calendar_date -> org.hibernate.type.AdaptedImmutableType@4d3efad3
2024-05-04 10:13:36,916 DEBUG org.hibernate.type.BasicTypeRegistry [task-1] Adding type registration imm_binary -> org.hibernate.type.AdaptedImmutableType@5d1a43e0
2024-05-04 10:13:36,917 DEBUG org.hibernate.type.BasicTypeRegistry [task-1] Adding type registration imm_serializable -> org.hibernate.type.AdaptedImmutableType@379a5a9f
2024-05-04 10:13:37,207 DEBUG org.hibernate.type.spi.TypeConfiguration$Scope [task-1] Scoping TypeConfiguration [org.hibernate.type.spi.TypeConfiguration@d2c42a9] to MetadataBuildingContext [org.hibernate.boot.internal.MetadataBuildingContextRootImpl@4343071f]
2024-05-04 10:13:37,442 DEBUG org.hibernate.type.spi.TypeConfiguration$Scope [task-1] Scoping TypeConfiguration [org.hibernate.type.spi.TypeConfiguration@d2c42a9] to SessionFactoryImpl [org.hibernate.internal.SessionFactoryImpl@10fe51a6]
2024-05-04 10:13:37,889 TRACE org.hibernate.type.spi.TypeConfiguration$Scope [task-1] Handling #sessionFactoryCreated from [org.hibernate.internal.SessionFactoryImpl@10fe51a6] for TypeConfiguration
2024-05-04 10:16:09,242 TRACE org.hibernate.type.spi.TypeConfiguration$Scope [RMI TCP Connection(6)-127.0.0.1] Handling #sessionFactoryClosed from [org.hibernate.internal.SessionFactoryImpl@10fe51a6] for TypeConfiguration
2024-05-04 10:16:09,243 DEBUG org.hibernate.type.spi.TypeConfiguration$Scope [RMI TCP Connection(6)-127.0.0.1] Un-scoping TypeConfiguration [org.hibernate.type.spi.TypeConfiguration$Scope@6fd9fd8e] from SessionFactory [org.hibernate.internal.SessionFactoryImpl@10fe51a6]
2024-05-04 10:27:50,061 DEBUG org.hibernate.type.BasicTypeRegistry [task-1] Adding type registration boolean -> org.hibernate.type.BooleanType@27e7107b
2024-05-04 10:27:50,064 DEBUG org.hibernate.type.BasicTypeRegistry [task-1] Adding type registration boolean -> org.hibernate.type.BooleanType@27e7107b
2024-05-04 10:27:50,064 DEBUG org.hibernate.type.BasicTypeRegistry [task-1] Adding type registration java.lang.Boolean -> org.hibernate.type.BooleanType@27e7107b
2024-05-04 10:27:50,064 DEBUG org.hibernate.type.BasicTypeRegistry [task-1] Adding type registration numeric_boolean -> org.hibernate.type.NumericBooleanType@2e1479b4
2024-05-04 10:27:50,065 DEBUG org.hibernate.type.BasicTypeRegistry [task-1] Adding type registration true_false -> org.hibernate.type.TrueFalseType@7d24a9dd
2024-05-04 10:27:50,065 DEBUG org.hibernate.type.BasicTypeRegistry [task-1] Adding type registration yes_no -> org.hibernate.type.YesNoType@245cfbac
2024-05-04 10:27:50,066 DEBUG org.hibernate.type.BasicTypeRegistry [task-1] Adding type registration byte -> org.hibernate.type.ByteType@48e5e312
2024-05-04 10:27:50,066 DEBUG org.hibernate.type.BasicTypeRegistry [task-1] Adding type registration byte -> org.hibernate.type.ByteType@48e5e312
2024-05-04 10:27:50,067 DEBUG org.hibernate.type.BasicTypeRegistry [task-1] Adding type registration java.lang.Byte -> org.hibernate.type.ByteType@48e5e312
2024-05-04 10:27:50,068 DEBUG org.hibernate.type.BasicTypeRegistry [task-1] Adding type registration character -> org.hibernate.type.CharacterType@237dc21a
2024-05-04 10:27:50,068 DEBUG org.hibernate.type.BasicTypeRegistry [task-1] Adding type registration char -> org.hibernate.type.CharacterType@237dc21a
2024-05-04 10:27:50,068 DEBUG org.hibernate.type.BasicTypeRegistry [task-1] Adding type registration java.lang.Character -> org.hibernate.type.CharacterType@237dc21a
2024-05-04 10:27:50,069 DEBUG org.hibernate.type.BasicTypeRegistry [task-1] Adding type registration short -> org.hibernate.type.ShortType@5f8f1226
2024-05-04 10:27:50,070 DEBUG org.hibernate.type.BasicTypeRegistry [task-1] Adding type registration short -> org.hibernate.type.ShortType@5f8f1226
2024-05-04 10:27:50,070 DEBUG org.hibernate.type.BasicTypeRegistry [task-1] Adding type registration java.lang.Short -> org.hibernate.type.ShortType@5f8f1226
2024-05-04 10:27:50,072 DEBUG org.hibernate.type.BasicTypeRegistry [task-1] Adding type registration integer -> org.hibernate.type.IntegerType@2013f970
2024-05-04 10:27:50,072 DEBUG org.hibernate.type.BasicTypeRegistry [task-1] Adding type registration int -> org.hibernate.type.IntegerType@2013f970
2024-05-04 10:27:50,072 DEBUG org.hibernate.type.BasicTypeRegistry [task-1] Adding type registration java.lang.Integer -> org.hibernate.type.IntegerType@2013f970
2024-05-04 10:27:50,072 DEBUG org.hibernate.type.BasicTypeRegistry [task-1] Adding type registration long -> org.hibernate.type.LongType@62a92aa4
2024-05-04 10:27:50,072 DEBUG org.hibernate.type.BasicTypeRegistry [task-1] Adding type registration long -> org.hibernate.type.LongType@62a92aa4
2024-05-04 10:27:50,072 DEBUG org.hibernate.type.BasicTypeRegistry [task-1] Adding type registration java.lang.Long -> org.hibernate.type.LongType@62a92aa4
2024-05-04 10:27:50,075 DEBUG org.hibernate.type.BasicTypeRegistry [task-1] Adding type registration float -> org.hibernate.type.FloatType@468aa57
2024-05-04 10:27:50,075 DEBUG org.hibernate.type.BasicTypeRegistry [task-1] Adding type registration float -> org.hibernate.type.FloatType@468aa57
2024-05-04 10:27:50,075 DEBUG org.hibernate.type.BasicTypeRegistry [task-1] Adding type registration java.lang.Float -> org.hibernate.type.FloatType@468aa57
2024-05-04 10:27:50,076 DEBUG org.hibernate.type.BasicTypeRegistry [task-1] Adding type registration double -> org.hibernate.type.DoubleType@1795a81e
2024-05-04 10:27:50,077 DEBUG org.hibernate.type.BasicTypeRegistry [task-1] Adding type registration double -> org.hibernate.type.DoubleType@1795a81e
2024-05-04 10:27:50,077 DEBUG org.hibernate.type.BasicTypeRegistry [task-1] Adding type registration java.lang.Double -> org.hibernate.type.DoubleType@1795a81e
2024-05-04 10:27:50,078 DEBUG org.hibernate.type.BasicTypeRegistry [task-1] Adding type registration big_decimal -> org.hibernate.type.BigDecimalType@6589110e
2024-05-04 10:27:50,078 DEBUG org.hibernate.type.BasicTypeRegistry [task-1] Adding type registration java.math.BigDecimal -> org.hibernate.type.BigDecimalType@6589110e
2024-05-04 10:27:50,079 DEBUG org.hibernate.type.BasicTypeRegistry [task-1] Adding type registration big_integer -> org.hibernate.type.BigIntegerType@2c83fdd5
2024-05-04 10:27:50,080 DEBUG org.hibernate.type.BasicTypeRegistry [task-1] Adding type registration java.math.BigInteger -> org.hibernate.type.BigIntegerType@2c83fdd5
2024-05-04 10:27:50,081 DEBUG org.hibernate.type.BasicTypeRegistry [task-1] Adding type registration string -> org.hibernate.type.StringType@5521e421
2024-05-04 10:27:50,081 DEBUG org.hibernate.type.BasicTypeRegistry [task-1] Adding type registration java.lang.String -> org.hibernate.type.StringType@5521e421
2024-05-04 10:27:50,081 DEBUG org.hibernate.type.BasicTypeRegistry [task-1] Adding type registration nstring -> org.hibernate.type.StringNVarcharType@16550f3c
2024-05-04 10:27:50,082 DEBUG org.hibernate.type.BasicTypeRegistry [task-1] Adding type registration ncharacter -> org.hibernate.type.CharacterNCharType@a66a618
2024-05-04 10:27:50,083 DEBUG org.hibernate.type.BasicTypeRegistry [task-1] Adding type registration url -> org.hibernate.type.UrlType@3b39e893
2024-05-04 10:27:50,083 DEBUG org.hibernate.type.BasicTypeRegistry [task-1] Adding type registration java.net.URL -> org.hibernate.type.UrlType@3b39e893
2024-05-04 10:27:50,084 DEBUG org.hibernate.type.BasicTypeRegistry [task-1] Adding type registration Duration -> org.hibernate.type.DurationType@48e1fb9b
2024-05-04 10:27:50,084 DEBUG org.hibernate.type.BasicTypeRegistry [task-1] Adding type registration java.time.Duration -> org.hibernate.type.DurationType@48e1fb9b
2024-05-04 10:27:50,085 DEBUG org.hibernate.type.BasicTypeRegistry [task-1] Adding type registration Instant -> org.hibernate.type.InstantType@483572b9
2024-05-04 10:27:50,085 DEBUG org.hibernate.type.BasicTypeRegistry [task-1] Adding type registration java.time.Instant -> org.hibernate.type.InstantType@483572b9
2024-05-04 10:27:50,087 DEBUG org.hibernate.type.BasicTypeRegistry [task-1] Adding type registration LocalDateTime -> org.hibernate.type.LocalDateTimeType@61a6c0b5
2024-05-04 10:27:50,087 DEBUG org.hibernate.type.BasicTypeRegistry [task-1] Adding type registration java.time.LocalDateTime -> org.hibernate.type.LocalDateTimeType@61a6c0b5
2024-05-04 10:27:50,089 DEBUG org.hibernate.type.BasicTypeRegistry [task-1] Adding type registration LocalDate -> org.hibernate.type.LocalDateType@110e0a52
2024-05-04 10:27:50,089 DEBUG org.hibernate.type.BasicTypeRegistry [task-1] Adding type registration java.time.LocalDate -> org.hibernate.type.LocalDateType@110e0a52
2024-05-04 10:27:50,090 DEBUG org.hibernate.type.BasicTypeRegistry [task-1] Adding type registration LocalTime -> org.hibernate.type.LocalTimeType@744d0c2b
2024-05-04 10:27:50,090 DEBUG org.hibernate.type.BasicTypeRegistry [task-1] Adding type registration java.time.LocalTime -> org.hibernate.type.LocalTimeType@744d0c2b
2024-05-04 10:27:50,091 DEBUG org.hibernate.type.BasicTypeRegistry [task-1] Adding type registration OffsetDateTime -> org.hibernate.type.OffsetDateTimeType@d2a2fcf
2024-05-04 10:27:50,092 DEBUG org.hibernate.type.BasicTypeRegistry [task-1] Adding type registration java.time.OffsetDateTime -> org.hibernate.type.OffsetDateTimeType@d2a2fcf
2024-05-04 10:27:50,092 DEBUG org.hibernate.type.BasicTypeRegistry [task-1] Adding type registration OffsetTime -> org.hibernate.type.OffsetTimeType@72a8ec0b
2024-05-04 10:27:50,093 DEBUG org.hibernate.type.BasicTypeRegistry [task-1] Adding type registration java.time.OffsetTime -> org.hibernate.type.OffsetTimeType@72a8ec0b
2024-05-04 10:27:50,095 DEBUG org.hibernate.type.BasicTypeRegistry [task-1] Adding type registration ZonedDateTime -> org.hibernate.type.ZonedDateTimeType@f7e157c
2024-05-04 10:27:50,095 DEBUG org.hibernate.type.BasicTypeRegistry [task-1] Adding type registration java.time.ZonedDateTime -> org.hibernate.type.ZonedDateTimeType@f7e157c
2024-05-04 10:27:50,096 DEBUG org.hibernate.type.BasicTypeRegistry [task-1] Adding type registration date -> org.hibernate.type.DateType@65c2ac99
2024-05-04 10:27:50,097 DEBUG org.hibernate.type.BasicTypeRegistry [task-1] Adding type registration java.sql.Date -> org.hibernate.type.DateType@65c2ac99
2024-05-04 10:27:50,098 DEBUG org.hibernate.type.BasicTypeRegistry [task-1] Adding type registration time -> org.hibernate.type.TimeType@759337a1
2024-05-04 10:27:50,098 DEBUG org.hibernate.type.BasicTypeRegistry [task-1] Adding type registration java.sql.Time -> org.hibernate.type.TimeType@759337a1
2024-05-04 10:27:50,099 DEBUG org.hibernate.type.BasicTypeRegistry [task-1] Adding type registration timestamp -> org.hibernate.type.TimestampType@17dcdcf4
2024-05-04 10:27:50,099 DEBUG org.hibernate.type.BasicTypeRegistry [task-1] Adding type registration java.sql.Timestamp -> org.hibernate.type.TimestampType@17dcdcf4
2024-05-04 10:27:50,099 DEBUG org.hibernate.type.BasicTypeRegistry [task-1] Adding type registration java.util.Date -> org.hibernate.type.TimestampType@17dcdcf4
2024-05-04 10:27:50,100 DEBUG org.hibernate.type.BasicTypeRegistry [task-1] Adding type registration dbtimestamp -> org.hibernate.type.DbTimestampType@4ef6d703
2024-05-04 10:27:50,102 DEBUG org.hibernate.type.BasicTypeRegistry [task-1] Adding type registration calendar -> org.hibernate.type.CalendarType@7184cc5d
2024-05-04 10:27:50,102 DEBUG org.hibernate.type.BasicTypeRegistry [task-1] Adding type registration java.util.Calendar -> org.hibernate.type.CalendarType@7184cc5d
2024-05-04 10:27:50,102 DEBUG org.hibernate.type.BasicTypeRegistry [task-1] Adding type registration java.util.GregorianCalendar -> org.hibernate.type.CalendarType@7184cc5d
2024-05-04 10:27:50,103 DEBUG org.hibernate.type.BasicTypeRegistry [task-1] Adding type registration calendar_date -> org.hibernate.type.CalendarDateType@4ba5aac9
2024-05-04 10:27:50,104 DEBUG org.hibernate.type.BasicTypeRegistry [task-1] Adding type registration calendar_time -> org.hibernate.type.CalendarTimeType@1a090bbe
2024-05-04 10:27:50,106 DEBUG org.hibernate.type.BasicTypeRegistry [task-1] Adding type registration locale -> org.hibernate.type.LocaleType@b532580
2024-05-04 10:27:50,106 DEBUG org.hibernate.type.BasicTypeRegistry [task-1] Adding type registration java.util.Locale -> org.hibernate.type.LocaleType@b532580
2024-05-04 10:27:50,107 DEBUG org.hibernate.type.BasicTypeRegistry [task-1] Adding type registration currency -> org.hibernate.type.CurrencyType@1160c1a2
2024-05-04 10:27:50,107 DEBUG org.hibernate.type.BasicTypeRegistry [task-1] Adding type registration java.util.Currency -> org.hibernate.type.CurrencyType@1160c1a2
2024-05-04 10:27:50,107 DEBUG org.hibernate.type.BasicTypeRegistry [task-1] Adding type registration timezone -> org.hibernate.type.TimeZoneType@61c8cb09
2024-05-04 10:27:50,107 DEBUG org.hibernate.type.BasicTypeRegistry [task-1] Adding type registration java.util.TimeZone -> org.hibernate.type.TimeZoneType@61c8cb09
2024-05-04 10:27:50,108 DEBUG org.hibernate.type.BasicTypeRegistry [task-1] Adding type registration class -> org.hibernate.type.ClassType@163b7964
2024-05-04 10:27:50,108 DEBUG org.hibernate.type.BasicTypeRegistry [task-1] Adding type registration java.lang.Class -> org.hibernate.type.ClassType@163b7964
2024-05-04 10:27:50,109 DEBUG org.hibernate.type.BasicTypeRegistry [task-1] Adding type registration uuid-binary -> org.hibernate.type.UUIDBinaryType@7b4131cc
2024-05-04 10:27:50,109 DEBUG org.hibernate.type.BasicTypeRegistry [task-1] Adding type registration java.util.UUID -> org.hibernate.type.UUIDBinaryType@7b4131cc
2024-05-04 10:27:50,110 DEBUG org.hibernate.type.BasicTypeRegistry [task-1] Adding type registration uuid-char -> org.hibernate.type.UUIDCharType@63050660
2024-05-04 10:27:50,111 DEBUG org.hibernate.type.BasicTypeRegistry [task-1] Adding type registration binary -> org.hibernate.type.BinaryType@27aa6129
2024-05-04 10:27:50,111 DEBUG org.hibernate.type.BasicTypeRegistry [task-1] Adding type registration byte[] -> org.hibernate.type.BinaryType@27aa6129
2024-05-04 10:27:50,111 DEBUG org.hibernate.type.BasicTypeRegistry [task-1] Adding type registration [B -> org.hibernate.type.BinaryType@27aa6129
2024-05-04 10:27:50,112 DEBUG org.hibernate.type.BasicTypeRegistry [task-1] Adding type registration wrapper-binary -> org.hibernate.type.WrapperBinaryType@2bba6ab6
2024-05-04 10:27:50,112 DEBUG org.hibernate.type.BasicTypeRegistry [task-1] Adding type registration Byte[] -> org.hibernate.type.WrapperBinaryType@2bba6ab6
2024-05-04 10:27:50,112 DEBUG org.hibernate.type.BasicTypeRegistry [task-1] Adding type registration [Ljava.lang.Byte; -> org.hibernate.type.WrapperBinaryType@2bba6ab6
2024-05-04 10:27:50,113 DEBUG org.hibernate.type.BasicTypeRegistry [task-1] Adding type registration row_version -> org.hibernate.type.RowVersionType@16e3dcdf
2024-05-04 10:27:50,113 DEBUG org.hibernate.type.BasicTypeRegistry [task-1] Adding type registration image -> org.hibernate.type.ImageType@3a04c8da
2024-05-04 10:27:50,114 DEBUG org.hibernate.type.BasicTypeRegistry [task-1] Adding type registration characters -> org.hibernate.type.CharArrayType@7610af3f
2024-05-04 10:27:50,114 DEBUG org.hibernate.type.BasicTypeRegistry [task-1] Adding type registration char[] -> org.hibernate.type.CharArrayType@7610af3f
2024-05-04 10:27:50,114 DEBUG org.hibernate.type.BasicTypeRegistry [task-1] Adding type registration [C -> org.hibernate.type.CharArrayType@7610af3f
2024-05-04 10:27:50,115 DEBUG org.hibernate.type.BasicTypeRegistry [task-1] Adding type registration wrapper-characters -> org.hibernate.type.CharacterArrayType@6c976fca
2024-05-04 10:27:50,116 DEBUG org.hibernate.type.BasicTypeRegistry [task-1] Adding type registration [Ljava.lang.Character; -> org.hibernate.type.CharacterArrayType@6c976fca
2024-05-04 10:27:50,116 DEBUG org.hibernate.type.BasicTypeRegistry [task-1] Adding type registration Character[] -> org.hibernate.type.CharacterArrayType@6c976fca
2024-05-04 10:27:50,117 DEBUG org.hibernate.type.BasicTypeRegistry [task-1] Adding type registration text -> org.hibernate.type.TextType@682dc838
2024-05-04 10:27:50,117 DEBUG org.hibernate.type.BasicTypeRegistry [task-1] Adding type registration ntext -> org.hibernate.type.NTextType@1198abfe
2024-05-04 10:27:50,119 DEBUG org.hibernate.type.BasicTypeRegistry [task-1] Adding type registration blob -> org.hibernate.type.BlobType@57b5da03
2024-05-04 10:27:50,119 DEBUG org.hibernate.type.BasicTypeRegistry [task-1] Adding type registration java.sql.Blob -> org.hibernate.type.BlobType@57b5da03
2024-05-04 10:27:50,119 DEBUG org.hibernate.type.BasicTypeRegistry [task-1] Adding type registration materialized_blob -> org.hibernate.type.MaterializedBlobType@3ce43f2d
2024-05-04 10:27:50,121 DEBUG org.hibernate.type.BasicTypeRegistry [task-1] Adding type registration clob -> org.hibernate.type.ClobType@1071c98b
2024-05-04 10:27:50,121 DEBUG org.hibernate.type.BasicTypeRegistry [task-1] Adding type registration java.sql.Clob -> org.hibernate.type.ClobType@1071c98b
2024-05-04 10:27:50,122 DEBUG org.hibernate.type.BasicTypeRegistry [task-1] Adding type registration nclob -> org.hibernate.type.NClobType@6d85ea43
2024-05-04 10:27:50,123 DEBUG org.hibernate.type.BasicTypeRegistry [task-1] Adding type registration java.sql.NClob -> org.hibernate.type.NClobType@6d85ea43
2024-05-04 10:27:50,123 DEBUG org.hibernate.type.BasicTypeRegistry [task-1] Adding type registration materialized_clob -> org.hibernate.type.MaterializedClobType@5fdb0851
2024-05-04 10:27:50,123 DEBUG org.hibernate.type.BasicTypeRegistry [task-1] Adding type registration materialized_nclob -> org.hibernate.type.MaterializedNClobType@bda8fb5
2024-05-04 10:27:50,125 DEBUG org.hibernate.type.BasicTypeRegistry [task-1] Adding type registration serializable -> org.hibernate.type.SerializableType@57db57d2
2024-05-04 10:27:50,128 DEBUG org.hibernate.type.BasicTypeRegistry [task-1] Adding type registration object -> org.hibernate.type.ObjectType@512fb6d3
2024-05-04 10:27:50,128 DEBUG org.hibernate.type.BasicTypeRegistry [task-1] Adding type registration java.lang.Object -> org.hibernate.type.ObjectType@512fb6d3
2024-05-04 10:27:50,129 DEBUG org.hibernate.type.BasicTypeRegistry [task-1] Adding type registration imm_date -> org.hibernate.type.AdaptedImmutableType@2a93a3e5
2024-05-04 10:27:50,129 DEBUG org.hibernate.type.BasicTypeRegistry [task-1] Adding type registration imm_time -> org.hibernate.type.AdaptedImmutableType@626114a
2024-05-04 10:27:50,129 DEBUG org.hibernate.type.BasicTypeRegistry [task-1] Adding type registration imm_timestamp -> org.hibernate.type.AdaptedImmutableType@6a10c552
2024-05-04 10:27:50,129 DEBUG org.hibernate.type.BasicTypeRegistry [task-1] Adding type registration imm_dbtimestamp -> org.hibernate.type.AdaptedImmutableType@5fca214e
2024-05-04 10:27:50,129 DEBUG org.hibernate.type.BasicTypeRegistry [task-1] Adding type registration imm_calendar -> org.hibernate.type.AdaptedImmutableType@68f13dd9
2024-05-04 10:27:50,129 DEBUG org.hibernate.type.BasicTypeRegistry [task-1] Adding type registration imm_calendar_date -> org.hibernate.type.AdaptedImmutableType@5e6bddcc
2024-05-04 10:27:50,129 DEBUG org.hibernate.type.BasicTypeRegistry [task-1] Adding type registration imm_binary -> org.hibernate.type.AdaptedImmutableType@323db906
2024-05-04 10:27:50,130 DEBUG org.hibernate.type.BasicTypeRegistry [task-1] Adding type registration imm_serializable -> org.hibernate.type.AdaptedImmutableType@3c732e5e
2024-05-04 10:27:50,394 DEBUG org.hibernate.type.spi.TypeConfiguration$Scope [task-1] Scoping TypeConfiguration [org.hibernate.type.spi.TypeConfiguration@57036f71] to MetadataBuildingContext [org.hibernate.boot.internal.MetadataBuildingContextRootImpl@cdd7d5c]
2024-05-04 10:27:50,595 DEBUG org.hibernate.type.spi.TypeConfiguration$Scope [task-1] Scoping TypeConfiguration [org.hibernate.type.spi.TypeConfiguration@57036f71] to SessionFactoryImpl [org.hibernate.internal.SessionFactoryImpl@676ba848]
2024-05-04 10:27:50,901 TRACE org.hibernate.type.spi.TypeConfiguration$Scope [task-1] Handling #sessionFactoryCreated from [org.hibernate.internal.SessionFactoryImpl@676ba848] for TypeConfiguration
2024-05-04 10:27:55,082 TRACE org.hibernate.type.spi.TypeConfiguration$Scope [RMI TCP Connection(2)-127.0.0.1] Handling #sessionFactoryClosed from [org.hibernate.internal.SessionFactoryImpl@676ba848] for TypeConfiguration
2024-05-04 10:27:55,082 DEBUG org.hibernate.type.spi.TypeConfiguration$Scope [RMI TCP Connection(2)-127.0.0.1] Un-scoping TypeConfiguration [org.hibernate.type.spi.TypeConfiguration$Scope@27c6c344] from SessionFactory [org.hibernate.internal.SessionFactoryImpl@676ba848]
